This is pdfTeX, Version 3.141592653-2.6-1.40.25 (MiKTeX 24.1) (preloaded format=pdflatex 2024.7.12)  12 JUL 2024 20:16
entering extended mode
 restricted \write18 enabled.
 file:line:error style messages enabled.
 %&-line parsing enabled.
**c:/Users/Crimson/OneDrive/Documents/LaTeX/main.tex
(c:/Users/Crimson/OneDrive/Documents/LaTeX/main.tex
LaTeX2e <2023-11-01> patch level 1
L3 programming layer <2024-01-04>
(C:\Users\Crimson\AppData\Local\Programs\MiKTeX\tex/latex/base\article.cls
Document Class: article 2023/05/17 v1.4n Standard LaTeX document class
(C:\Users\Crimson\AppData\Local\Programs\MiKTeX\tex/latex/base\size12.clo
File: size12.clo 2023/05/17 v1.4n Standard LaTeX file (size option)
)
\c@part=\count187
\c@section=\count188
\c@subsection=\count189
\c@subsubsection=\count190
\c@paragraph=\count191
\c@subparagraph=\count192
\c@figure=\count193
\c@table=\count194
\abovecaptionskip=\skip48
\belowcaptionskip=\skip49
\bibindent=\dimen140
) (C:\Users\Crimson\AppData\Local\Programs\MiKTeX\tex/latex/graphics\graphicx.sty
Package: graphicx 2021/09/16 v1.2d Enhanced LaTeX Graphics (DPC,SPQR)
 (C:\Users\Crimson\AppData\Local\Programs\MiKTeX\tex/latex/graphics\keyval.sty
Package: keyval 2022/05/29 v1.15 key=value parser (DPC)
\KV@toks@=\toks17
) (C:\Users\Crimson\AppData\Local\Programs\MiKTeX\tex/latex/graphics\graphics.sty
Package: graphics 2022/03/10 v1.4e Standard LaTeX Graphics (DPC,SPQR)
 (C:\Users\Crimson\AppData\Local\Programs\MiKTeX\tex/latex/graphics\trig.sty
Package: trig 2021/08/11 v1.11 sin cos tan (DPC)
) (C:\Users\Crimson\AppData\Local\Programs\MiKTeX\tex/latex/graphics-cfg\graphics.cfg
File: graphics.cfg 2016/06/04 v1.11 sample graphics configuration
)
Package graphics Info: Driver file: pdftex.def on input line 107.
 (C:\Users\Crimson\AppData\Local\Programs\MiKTeX\tex/latex/graphics-def\pdftex.def
File: pdftex.def 2022/09/22 v1.2b Graphics/color driver for pdftex
))
\Gin@req@height=\dimen141
\Gin@req@width=\dimen142
) (C:\Users\Crimson\AppData\Local\Programs\MiKTeX\tex/latex/pdfpages\pdfpages.sty
Package: pdfpages 2024/05/29 v0.6a Insert pages of external PDF documents (AM)
 (C:\Users\Crimson\AppData\Local\Programs\MiKTeX\tex/latex/base\ifthen.sty
Package: ifthen 2022/04/13 v1.1d Standard LaTeX ifthen package (DPC)
) (C:\Users\Crimson\AppData\Local\Programs\MiKTeX\tex/latex/tools\calc.sty
Package: calc 2023/07/08 v4.3 Infix arithmetic (KKT,FJ)
\calc@Acount=\count195
\calc@Bcount=\count196
\calc@Adimen=\dimen143
\calc@Bdimen=\dimen144
\calc@Askip=\skip50
\calc@Bskip=\skip51
LaTeX Info: Redefining \setlength on input line 80.
LaTeX Info: Redefining \addtolength on input line 81.
\calc@Ccount=\count197
\calc@Cskip=\skip52
) (C:\Users\Crimson\AppData\Local\Programs\MiKTeX\tex/latex/eso-pic\eso-pic.sty
Package: eso-pic 2023/05/03 v3.0c eso-pic (RN)
\ESO@tempdima=\dimen145
\ESO@tempdimb=\dimen146
 (C:\Users\Crimson\AppData\Local\Programs\MiKTeX\tex/latex/xcolor\xcolor.sty
Package: xcolor 2023/11/15 v3.01 LaTeX color extensions (UK)
 (C:\Users\Crimson\AppData\Local\Programs\MiKTeX\tex/latex/graphics-cfg\color.cfg
File: color.cfg 2016/01/02 v1.6 sample color configuration
)
Package xcolor Info: Driver file: pdftex.def on input line 274.
 (C:\Users\Crimson\AppData\Local\Programs\MiKTeX\tex/latex/graphics\mathcolor.ltx)
Package xcolor Info: Model `cmy' substituted by `cmy0' on input line 1350.
Package xcolor Info: Model `hsb' substituted by `rgb' on input line 1354.
Package xcolor Info: Model `RGB' extended on input line 1366.
Package xcolor Info: Model `HTML' substituted by `rgb' on input line 1368.
Package xcolor Info: Model `Hsb' substituted by `hsb' on input line 1369.
Package xcolor Info: Model `tHsb' substituted by `hsb' on input line 1370.
Package xcolor Info: Model `HSB' substituted by `hsb' on input line 1371.
Package xcolor Info: Model `Gray' substituted by `gray' on input line 1372.
Package xcolor Info: Model `wave' substituted by `hsb' on input line 1373.
))
\AM@pagewidth=\dimen147
\AM@pageheight=\dimen148
\AM@fboxrule=\dimen149
 (C:\Users\Crimson\AppData\Local\Programs\MiKTeX\tex/latex/pdfpages\pppdftex.def
File: pppdftex.def 2024/05/29 v0.6a Pdfpages driver for pdfTeX (AM)
)
\pdfpages@includegraphics@status=\count198
\AM@pagebox=\box51
\AM@global@opts=\toks18
\AM@pagecnt=\count199
\AM@toc@title=\toks19
\AM@lof@heading=\toks20
\c@AM@survey=\count266
\AM@templatesizebox=\box52
) (C:\Users\Crimson\AppData\Local\Programs\MiKTeX\tex/latex/l3backend\l3backend-pdftex.def
File: l3backend-pdftex.def 2024-01-04 L3 backend support: PDF output (pdfTeX)
\l__color_backend_stack_int=\count267
\l__pdf_internal_box=\box53
) (main.aux (chapters/forbes_marshall/forbes_marshall.aux) (chapters/steam/steam.aux))
\openout1 = `main.aux'.

LaTeX Font Info:    Checking defaults for OML/cmm/m/it on input line 5.
LaTeX Font Info:    ... okay on input line 5.
LaTeX Font Info:    Checking defaults for OMS/cmsy/m/n on input line 5.
LaTeX Font Info:    ... okay on input line 5.
LaTeX Font Info:    Checking defaults for OT1/cmr/m/n on input line 5.
LaTeX Font Info:    ... okay on input line 5.
LaTeX Font Info:    Checking defaults for T1/cmr/m/n on input line 5.
LaTeX Font Info:    ... okay on input line 5.
LaTeX Font Info:    Checking defaults for TS1/cmr/m/n on input line 5.
LaTeX Font Info:    ... okay on input line 5.
LaTeX Font Info:    Checking defaults for OMX/cmex/m/n on input line 5.
LaTeX Font Info:    ... okay on input line 5.
LaTeX Font Info:    Checking defaults for U/cmr/m/n on input line 5.
LaTeX Font Info:    ... okay on input line 5.
 (C:\Users\Crimson\AppData\Local\Programs\MiKTeX\tex/context/base/mkii\supp-pdf.mkii
[Loading MPS to PDF converter (version 2006.09.02).]
\scratchcounter=\count268
\scratchdimen=\dimen150
\scratchbox=\box54
\nofMPsegments=\count269
\nofMParguments=\count270
\everyMPshowfont=\toks21
\MPscratchCnt=\count271
\MPscratchDim=\dimen151
\MPnumerator=\count272
\makeMPintoPDFobject=\count273
\everyMPtoPDFconversion=\toks22
) (C:\Users\Crimson\AppData\Local\Programs\MiKTeX\tex/latex/epstopdf-pkg\epstopdf-base.sty
Package: epstopdf-base 2020-01-24 v2.11 Base part for package epstopdf
Package epstopdf-base Info: Redefining graphics rule for `.eps' on input line 485.
 (C:\Users\Crimson\AppData\Local\Programs\MiKTeX\tex/latex/00miktex\epstopdf-sys.cfg
File: epstopdf-sys.cfg 2021/03/18 v2.0 Configuration of epstopdf for MiKTeX
)) (C:\Users\Crimson\AppData\Local\Programs\MiKTeX\tex/latex/pdflscape\pdflscape.sty
Package: pdflscape 2022-10-27 v0.13 Display of landscape pages in PDF
 (C:\Users\Crimson\AppData\Local\Programs\MiKTeX\tex/latex/pdflscape\pdflscape-nometadata.sty
Package: pdflscape-nometadata 2022-10-28 v0.13 Display of landscape pages in PDF (HO)
 (C:\Users\Crimson\AppData\Local\Programs\MiKTeX\tex/generic/iftex\iftex.sty
Package: iftex 2022/02/03 v1.0f TeX engine tests
) (C:\Users\Crimson\AppData\Local\Programs\MiKTeX\tex/latex/graphics\lscape.sty
Package: lscape 2020/05/28 v3.02 Landscape Pages (DPC)
)
Package pdflscape Info: Auto-detected driver: pdftex on input line 81.
))
<figs/RUET.png, id=1, 515.9275pt x 602.25pt>
File: figs/RUET.png Graphic file (type png)
<use figs/RUET.png>
Package pdftex.def Info: figs/RUET.png  used on input line 11.
(pdftex.def)             Requested size: 142.26378pt x 166.06496pt.
 (main.toc
LaTeX Font Info:    External font `cmex10' loaded for size
(Font)              <12> on input line 2.
LaTeX Font Info:    External font `cmex10' loaded for size
(Font)              <8> on input line 2.
LaTeX Font Info:    External font `cmex10' loaded for size
(Font)              <6> on input line 2.
)
\tf@toc=\write3
\openout3 = `main.toc'.

 [1

{C:/Users/Crimson/AppData/Local/MiKTeX/fonts/map/pdftex/pdftex.map} <./figs/RUET.png>]
\openout2 = `chapters/forbes_marshall/forbes_marshall.aux'.

 (chapters/forbes_marshall/forbes_marshall.tex [2

] [3]
<figs/world_operations.png, id=15, 437.9562pt x 243.7908pt>
File: figs/world_operations.png Graphic file (type png)
<use figs/world_operations.png>
Package pdftex.def Info: figs/world_operations.png  used on input line 70.
(pdftex.def)             Requested size: 312.00119pt x 173.68414pt.
 [4 <./figs/world_operations.png>] [5]) [6]

pdfTeX warning: pdflatex (file ./chapters/org/org.pdf): PDF inclusion: found PDF version <1.7>, but at most version <1.5> allowed
<chapters/org/org.pdf, id=27, 845.07718pt x 597.55246pt>
File: chapters/org/org.pdf Graphic file (type pdf)
<use chapters/org/org.pdf>
Package pdftex.def Info: chapters/org/org.pdf  used on input line 17.
(pdftex.def)             Requested size: 845.07512pt x 597.551pt.


pdfTeX warning: pdflatex (file ./chapters/org/org.pdf): PDF inclusion: found PDF version <1.7>, but at most version <1.5> allowed
File: chapters/org/org.pdf Graphic file (type pdf)
<use chapters/org/org.pdf>
Package pdftex.def Info: chapters/org/org.pdf  used on input line 17.
(pdftex.def)             Requested size: 845.07512pt x 597.551pt.


pdfTeX warning: pdflatex (file ./chapters/org/org.pdf): PDF inclusion: found PDF version <1.7>, but at most version <1.5> allowed


pdfTeX warning: pdflatex (file ./chapters/org/org.pdf): PDF inclusion: found PDF version <1.7>, but at most version <1.5> allowed
<chapters/org/org.pdf, id=30, page=1, 845.07718pt x 597.55246pt>
File: chapters/org/org.pdf Graphic file (type pdf)
<use chapters/org/org.pdf, page 1>
Package pdftex.def Info: chapters/org/org.pdf , page1 used on input line 17.
(pdftex.def)             Requested size: 845.07512pt x 597.551pt.
File: chapters/org/org.pdf Graphic file (type pdf)
<use chapters/org/org.pdf, page 1>
Package pdftex.def Info: chapters/org/org.pdf , page1 used on input line 17.
(pdftex.def)             Requested size: 845.07512pt x 597.551pt.
File: chapters/org/org.pdf Graphic file (type pdf)
<use chapters/org/org.pdf, page 1>
Package pdftex.def Info: chapters/org/org.pdf , page1 used on input line 17.
(pdftex.def)             Requested size: 845.07512pt x 597.551pt.
File: chapters/org/org.pdf Graphic file (type pdf)
<use chapters/org/org.pdf, page 1>
Package pdftex.def Info: chapters/org/org.pdf , page1 used on input line 17.
(pdftex.def)             Requested size: 845.07512pt x 597.551pt.
File: chapters/org/org.pdf Graphic file (type pdf)
<use chapters/org/org.pdf, page 1>
Package pdftex.def Info: chapters/org/org.pdf , page1 used on input line 17.
(pdftex.def)             Requested size: 845.07512pt x 597.551pt.
[7



 <./chapters/org/org.pdf>]
\openout2 = `chapters/steam/steam.aux'.

 (chapters/steam/steam.tex
<figs/steam.jpg, id=93, 853.1875pt x 492.84125pt>
File: figs/steam.jpg Graphic file (type jpg)
<use figs/steam.jpg>
Package pdftex.def Info: figs/steam.jpg  used on input line 13.
(pdftex.def)             Requested size: 390.0pt x 225.2884pt.
 [8

 <./figs/steam.jpg>]) [9] (main.bbl
** WARNING: IEEEtran.bst: No hyphenation pattern has been
** loaded for the language `en'. Using the pattern for
** the default language instead.

Underfull \hbox (badness 10000) in paragraph at lines 25--29
\OT1/cmr/m/n/12 http://www.thehindubusinessline.com/companies/forbes-marshall-
 []


Underfull \hbox (badness 6141) in paragraph at lines 25--29
\OT1/cmr/m/n/12 plans-to-step-up-export-business/article6558007.ece, Nov. 2014, ac-
 []

** WARNING: IEEEtran.bst: No hyphenation pattern has been
** loaded for the language `en'. Using the pattern for
** the default language instead.

Underfull \hbox (badness 2961) in paragraph at lines 31--34
[]\OT1/cmr/m/n/12 TLV, ``What is steam?'' https://www.tlv.com/steam-info/steam-
 []

) [10


] (main.aux (chapters/forbes_marshall/forbes_marshall.aux) (chapters/steam/steam.aux))
 ***********
LaTeX2e <2023-11-01> patch level 1
L3 programming layer <2024-01-04>
 ***********
 ) 
Here is how much of TeX's memory you used:
 2866 strings out of 474486
 49727 string characters out of 5742811
 1931542 words of memory out of 5000000
 25121 multiletter control sequences out of 15000+600000
 562660 words of font info for 51 fonts, out of 8000000 for 9000
 1141 hyphenation exceptions out of 8191
 68i,19n,79p,583b,450s stack positions out of 10000i,1000n,20000p,200000b,200000s
 <C:\Users\Crimson\AppData\Local\MiKTeX\fonts/pk/ljfour/jknappen/ec/dpi600\tcrm1200.pk><C:/Users/Crimson/AppData/Local/Programs/MiKTeX/fonts/type1/public/amsfonts/cm/cmbx12.pfb><C:/Users/Crimson/AppData/Local/Programs/MiKTeX/fonts/type1/public/amsfonts/cm/cmmi12.pfb><C:/Users/Crimson/AppData/Local/Programs/MiKTeX/fonts/type1/public/amsfonts/cm/cmr12.pfb><C:/Users/Crimson/AppData/Local/Programs/MiKTeX/fonts/type1/public/amsfonts/cm/cmr8.pfb>
Output written on main.pdf (10 pages, 864500 bytes).
PDF statistics:
 128 PDF objects out of 1000 (max. 8388607)
 0 named destinations out of 1000 (max. 500000)
 36 words of extra memory for PDF output out of 10000 (max. 10000000)

